<?xml version="1.0" encoding="UTF-8"?>
<testsuite xmlns:xsi="http://www.w3.org/2001/XMLSchema-instance" xsi:noNamespaceSchemaLocation="https://maven.apache.org/surefire/maven-surefire-plugin/xsd/surefire-test-report.xsd" name="CourierCreationTest" time="70.295" tests="5" errors="0" skipped="0" failures="2">
  <properties>
[...]
</properties>
  <testcase name="testCreateCourierWithExistingLogin" classname="CourierCreationTest" time="5.878">
    <failure message="1 expectation failed.&#10;JSON path message doesn&apos;t match.&#10;Expected: Этот логин уже используется&#10;  Actual: Этот логин уже используется. Попробуйте другой.&#10;" type="java.lang.AssertionError">java.lang.AssertionError: 
1 expectation failed.
JSON path message doesn't match.
Expected: Этот логин уже используется
  Actual: Этот логин уже используется. Попробуйте другой.

	at CourierCreationTest.testCreateCourierWithExistingLogin(CourierCreationTest.java:99)
</failure>
    <system-err><![CDATA[SLF4J: Failed to load class "org.slf4j.impl.StaticLoggerBinder".
SLF4J: Defaulting to no-operation (NOP) logger implementation
SLF4J: See http://www.slf4j.org/codes.html#StaticLoggerBinder for further details.
]]></system-err>
  </testcase>
  <testcase name="testCreateCourierWithoutLogin" classname="CourierCreationTest" time="0.722"/>
  <testcase name="testCreateCourierWithoutPassword" classname="CourierCreationTest" time="60.84"/>
  <testcase name="testCreateCourierSuccessfully" classname="CourierCreationTest" time="1.244"/>
  <testcase name="testCreateDuplicateCourier" classname="CourierCreationTest" time="1.535">
    <failure message="1 expectation failed.&#10;JSON path message doesn&apos;t match.&#10;Expected: Этот логин уже используется&#10;  Actual: Этот логин уже используется. Попробуйте другой.&#10;" type="java.lang.AssertionError">java.lang.AssertionError: 
1 expectation failed.
JSON path message doesn't match.
Expected: Этот логин уже используется
  Actual: Этот логин уже используется. Попробуйте другой.

	at CourierCreationTest.testCreateDuplicateCourier(CourierCreationTest.java:57)
</failure>
  </testcase>
</testsuite>