<?xml version="1.0" encoding="UTF-8"?>
<testsuite xmlns:xsi="http://www.w3.org/2001/XMLSchema-instance" xsi:noNamespaceSchemaLocation="https://maven.apache.org/surefire/maven-surefire-plugin/xsd/surefire-test-report.xsd" name="CourierLoginTest" time="65.302" tests="5" errors="0" skipped="0" failures="1">
  <properties>
[...]
</properties>
  <testcase name="testLoginWithIncorrectPassword" classname="CourierLoginTest" time="1.797"/>
  <testcase name="testLoginWithoutPassword" classname="CourierLoginTest" time="60.794">
    <failure message="1 expectation failed.&#10;Expected status code &lt;400&gt; but was &lt;504&gt;.&#10;" type="java.lang.AssertionError"><![CDATA[java.lang.AssertionError: 
1 expectation failed.
Expected status code <400> but was <504>.

	at CourierLoginTest.testLoginWithoutPassword(CourierLoginTest.java:91)
]]></failure>
  </testcase>
  <testcase name="testLoginWithNonExistentUser" classname="CourierLoginTest" time="0.785"/>
  <testcase name="testLoginWithoutLogin" classname="CourierLoginTest" time="0.743"/>
  <testcase name="testCourierLoginSuccessfully" classname="CourierLoginTest" time="1.183"/>
</testsuite>